<?xml version="1.0" encoding="UTF-8"?>
<!-- Generated by org.testng.reporters.JUnitXMLReporter -->
<testsuite hostname="Kotovich_PC" name="BasePassPlaneTest" tests="19" failures="1" timestamp="4 Sep 2016 18:12:00 GMT" time="0.326" errors="0">
  <testcase name="getCSpeedTest" time="0.022" classname="com.shaman.task_3_2.tests.BasePassPlaneTest"/>
  <testcase name="getFconsTest" time="0.02" classname="com.shaman.task_3_2.tests.BasePassPlaneTest"/>
  <testcase name="getMfactTest" time="0.003" classname="com.shaman.task_3_2.tests.BasePassPlaneTest"/>
  <testcase name="getModelTest" time="0.004" classname="com.shaman.task_3_2.tests.BasePassPlaneTest"/>
  <testcase name="getSeatingTest" time="0.012" classname="com.shaman.task_3_2.tests.BasePassPlaneTest"/>
  <testcase name="getTcapacityTest" time="0.008" classname="com.shaman.task_3_2.tests.BasePassPlaneTest"/>
  <testcase name="setFconsTest" time="0.008" classname="com.shaman.task_3_2.tests.BasePassPlaneTest"/>
  <testcase name="toStringTest" time="0.019" classname="com.shaman.task_3_2.tests.BasePassPlaneTest">
    <failure type="java.lang.AssertionError" message="expected [пассажирский самолет Сухой SSJ-95LR кр.скорость-925 км/ч, макс.дальность-4419.743 км, пассажировместимость-98 мест] but found [пассажирский самолет Сухой SSJ-95LR кр.скорость-925 км/ч, макс.дальность-1638.6729 км, пассажировместимость-98 мест]">
      <![CDATA[java.lang.AssertionError: expected [пассажирский самолет Сухой SSJ-95LR кр.скорость-925 км/ч, макс.дальность-4419.743 км, пассажировместимость-98 мест] but found [пассажирский самолет Сухой SSJ-95LR кр.скорость-925 км/ч, макс.дальность-1638.6729 км, пассажировместимость-98 мест]
	at com.shaman.task_3_2.tests.BasePassPlaneTest.toStringTest(BasePassPlaneTest.java:44)
	at java.util.concurrent.ThreadPoolExecutor.runWorker(ThreadPoolExecutor.java:1142)
	at java.util.concurrent.ThreadPoolExecutor$Worker.run(ThreadPoolExecutor.java:617)
	at java.lang.Thread.run(Thread.java:745)
... Removed 16 stack frames]]>
    </failure>
  </testcase> <!-- toStringTest -->
  <testcase name="setCSpeedTest" time="0.003" classname="com.shaman.task_3_2.tests.BasePassPlaneTest"/>
  <testcase name="setModelTest" time="0.001" classname="com.shaman.task_3_2.tests.BasePassPlaneTest"/>
  <testcase name="setMfactTest" time="0.004" classname="com.shaman.task_3_2.tests.BasePassPlaneTest"/>
  <testcase name="setSeatingTest" time="0.013" classname="com.shaman.task_3_2.tests.BasePassPlaneTest"/>
  <testcase name="setTcapacityTest" time="0.005" classname="com.shaman.task_3_2.tests.BasePassPlaneTest"/>
  <testcase name="getFquantityTest" time="0.022" classname="com.shaman.task_3_2.tests.BasePassPlaneTest"/>
  <testcase name="setFquantityTest" time="0.011" classname="com.shaman.task_3_2.tests.BasePassPlaneTest"/>
  <testcase name="refuelingTest" time="0.002" classname="com.shaman.task_3_2.tests.BasePassPlaneTest"/>
  <testcase name="refuelingTest" time="0.001" classname="com.shaman.task_3_2.tests.BasePassPlaneTest"/>
  <testcase name="refuelingTest" time="0.002" classname="com.shaman.task_3_2.tests.BasePassPlaneTest"/>
  <testcase name="refuelingTest" time="0.004" classname="com.shaman.task_3_2.tests.BasePassPlaneTest"/>
</testsuite> <!-- BasePassPlaneTest -->
